<?xml version="1.0" encoding="utf-8"?><testsuites name="pytest tests"><testsuite name="pytest" errors="0" failures="0" skipped="0" tests="7" time="21.017" timestamp="2026-04-26T20:46:48.270367+07:00" hostname="Ultimata"><testcase classname="tests.security.pytest.test_1_sqli" name="test_sqli_detection" time="4.765" /><testcase classname="tests.security.pytest.test_1_sqli" name="test_sqli_post" time="0.975" /><testcase classname="tests.security.pytest.test_2_xss" name="test_xss_detection" time="4.496" /><testcase classname="tests.security.pytest.test_2_xss" name="test_xss_post" time="0.769" /><testcase classname="tests.security.pytest.test_3_false_positive" name="test_false_positive" time="9.376" /><testcase classname="tests.security.pytest.test_4_fp_comprehensive" name="test_comprehensive_false_positives" time="0.217" /><testcase classname="tests.security.pytest.test_4_fp_comprehensive" name="test_fp_comprehensive_pytest" time="0.202" /></testsuite></testsuites>